Copyright 1986-2018 Xilinx, Inc. All Rights Reserved.
-----------------------------------------------------------------------------------------
| Tool Version      : Vivado v.2018.2 (win64) Build 2258646 Thu Jun 14 20:03:12 MDT 2018
| Date              : Sun Feb  3 22:07:21 2019
| Host              : PCPHESEBE02 running 64-bit Service Pack 1  (build 7601)
| Command           : report_clock_interaction -file wrapper_clock_interaction.rpt
| Design            : wrapper
| Device            : xcvu9p-flgc2104
| Speed File        : -1  PRODUCTION 1.20 05-21-2018
| Temperature Grade : E
-----------------------------------------------------------------------------------------

Clock Interaction Report

Clock Interaction Table
-----------------------

                            WNS                              TNS Failing  TNS Total    WNS Path         Clock-Pair           Inter-Clock          
From Clock    To Clock      Clock Edges  WNS(ns)    TNS(ns)    Endpoints    Endpoints  Requirement(ns)  Classification       Constraints          
------------  ------------  -----------  -------  ---------  -----------  -----------  ---------------  -------------------  -------------------  
clk_user      clk_user      rise - rise   -10.54  -14671.49         1866        14927             6.25  Clean                Timed                
clk_user      clk_wrapper                                              0          256                   Ignored              Asynchronous Groups  
clk_wrapper   clk_user                                                 0          512                   Ignored              Asynchronous Groups  
clk_wrapper   clk_wrapper                                              0          598                   Ignored              False Path           


