Copyright 1986-2018 Xilinx, Inc. All Rights Reserved.
---------------------------------------------------------------------------------------------------------------
| Tool Version : Vivado v.2018.2 (win64) Build 2258646 Thu Jun 14 20:03:12 MDT 2018
| Date         : Wed Dec 12 16:58:17 2018
| Host         : PCPHESEBE02 running 64-bit Service Pack 1  (build 7601)
| Command      : report_drc -file wrapper_drc_routed.rpt -pb wrapper_drc_routed.pb -rpx wrapper_drc_routed.rpx
| Design       : wrapper
| Device       : xcvu9p-flgc2104-2-e
| Speed File   : -2
| Design State : Routed
---------------------------------------------------------------------------------------------------------------

Report DRC

Table of Contents
-----------------
1. REPORT SUMMARY
2. REPORT DETAILS

1. REPORT SUMMARY
-----------------
            Netlist: netlist
          Floorplan: design_1
      Design limits: <entire design considered>
           Ruledeck: default
             Max violations: <unlimited>
             Violations found: 1
+-----------+----------+-------------------+------------+
| Rule      | Severity | Description       | Violations |
+-----------+----------+-------------------+------------+
| RTSTAT-10 | Warning  | No routable loads | 1          |
+-----------+----------+-------------------+------------+

2. REPORT DETAILS
-----------------
RTSTAT-10#1 Warning
No routable loads  
1 net(s) have no routable loads. The problem bus(es) and/or net(s) are muon_sorter_1/source_valid.
Related violations: <none>


