Copyright 1986-2018 Xilinx, Inc. All Rights Reserved.
------------------------------------------------------------------------------------
| Tool Version : Vivado v.2018.2 (win64) Build 2258646 Thu Jun 14 20:03:12 MDT 2018
| Date         : Tue Feb  5 21:43:54 2019
| Host         : PCPHESEBE02 running 64-bit Service Pack 1  (build 7601)
| Command      : report_control_sets -verbose -file wrapper_control_sets_placed.rpt
| Design       : wrapper
| Device       : xcvu9p
------------------------------------------------------------------------------------

Control Set Information

Table of Contents
-----------------
1. Summary
2. Histogram
3. Flip-Flop Distribution
4. Detailed Control Set Information

1. Summary
----------

+----------------------------------------------------------+-------+
|                          Status                          | Count |
+----------------------------------------------------------+-------+
| Number of unique control sets                            |     2 |
| Unused register locations in slices containing registers |     0 |
+----------------------------------------------------------+-------+


2. Histogram
------------

+--------+--------------+
| Fanout | Control Sets |
+--------+--------------+
|    16+ |            2 |
+--------+--------------+


3. Flip-Flop Distribution
-------------------------

+--------------+-----------------------+------------------------+-----------------+--------------+
| Clock Enable | Synchronous Set/Reset | Asynchronous Set/Reset | Total Registers | Total Slices |
+--------------+-----------------------+------------------------+-----------------+--------------+
| No           | No                    | No                     |           20380 |         1063 |
| No           | No                    | Yes                    |               0 |            0 |
| No           | Yes                   | No                     |               0 |            0 |
| Yes          | No                    | No                     |               0 |            0 |
| Yes          | No                    | Yes                    |               0 |            0 |
| Yes          | Yes                   | No                     |               0 |            0 |
+--------------+-----------------------+------------------------+-----------------+--------------+


4. Detailed Control Set Information
-----------------------------------

+------------------------+---------------+------------------+------------------+----------------+
|      Clock Signal      | Enable Signal | Set/Reset Signal | Slice Load Count | Bel Load Count |
+------------------------+---------------+------------------+------------------+----------------+
|  clk_wrapper_IBUF_BUFG |               |                  |              110 |           1196 |
|  clk_IBUF_BUFG         |               |                  |              953 |          19184 |
+------------------------+---------------+------------------+------------------+----------------+


