Copyright 1986-2018 Xilinx, Inc. All Rights Reserved.
-------------------------------------------------------------------------------------------
| Tool Version      : Vivado v.2018.2 (win64) Build 2258646 Thu Jun 14 20:03:12 MDT 2018
| Date              : Tue Mar 12 17:34:45 2019
| Host              : PCPHESEBE02 running 64-bit Service Pack 1  (build 7601)
| Command           : report_clock_interaction -file wrapper_bitonic_clock_interaction.rpt
| Design            : wrapper
| Device            : xcvu9p-flgc2104
| Speed File        : -1  PRODUCTION 1.20 05-21-2018
| Temperature Grade : E
-------------------------------------------------------------------------------------------

Clock Interaction Report

Clock Interaction Table
-----------------------

                            WNS                              TNS Failing  TNS Total    WNS Path         Clock-Pair           Inter-Clock          
From Clock    To Clock      Clock Edges  WNS(ns)    TNS(ns)    Endpoints    Endpoints  Requirement(ns)  Classification       Constraints          
------------  ------------  -----------  -------  ---------  -----------  -----------  ---------------  -------------------  -------------------  
clk           clk           rise - rise   -18.01  -28373.39         1664         1664             3.57  Clean                Timed                
clk           clk_wrapper                                              0         1664                   Ignored              Asynchronous Groups  
clk_wrapper   clk                                                      0         1808                   Ignored              Asynchronous Groups  
clk_wrapper   clk_wrapper                                              0         2221                   Ignored              False Path           


